Build started 2/25/2013 9:45:36 PM.
     1>Project "D:\Libraries\cyclone-physics-master\build\demo_blob_vc8.vcxproj" on node 4 (build target(s)).
     1>InitializeBuildStatus:
         Creating "..\tmp\blob\Debug\demo_blob.unsuccessfulbuild" because "AlwaysCreate" was specified.
       ClCompile:
         All outputs are up-to-date.
         All outputs are up-to-date.
       ManifestResourceCompile:
         All outputs are up-to-date.
     1>C:\Program Files (x86)\MSBuild\Microsoft.Cpp\v4.0\Microsoft.CppBuild.targets(990,5): warning MSB8012: TargetPath(D:\Libraries\cyclone-physics-master\build\..\bin\demo_blob.exe) does not match the Linker's OutputFile property value (D:\Libraries\cyclone-physics-master\bin\blob_d.exe). This may cause your project to build incorrectly. To correct this, please make sure that $(OutDir), $(TargetName) and $(TargetExt) property values match the value specified in %(Link.OutputFile).
     1>C:\Program Files (x86)\MSBuild\Microsoft.Cpp\v4.0\Microsoft.CppBuild.targets(992,5): warning MSB8012: TargetName(demo_blob) does not match the Linker's OutputFile property value (blob_d). This may cause your project to build incorrectly. To correct this, please make sure that $(OutDir), $(TargetName) and $(TargetExt) property values match the value specified in %(Link.OutputFile).
       Link:
         C:\Program Files (x86)\Microsoft Visual Studio 10.0\VC\bin\link.exe /ERRORREPORT:PROMPT /OUT:"..\bin\blob_d.exe" /INCREMENTAL /NOLOGO /LIBPATH:../lib cyclone_d.lib opengl32.lib glu32.lib glut32.lib winmm.lib kernel32.lib user32.lib gdi32.lib winspool.lib comdlg32.lib advapi32.lib shell32.lib ole32.lib oleaut32.lib uuid.lib odbc32.lib odbccp32.lib /MANIFEST /ManifestFile:"..\tmp\blob\Debug\demo_blob.exe.intermediate.manifest" /MANIFESTUAC:"level='asInvoker' uiAccess='false'" /DEBUG /PDB:"..\tmp\blob\Debug/blob.pdb" /SUBSYSTEM:CONSOLE /TLBID:1 /DYNAMICBASE /NXCOMPAT /IMPLIB:"..\bin\demo_blob.lib" /MACHINE:X86 ..\tmp\blob\Debug\demo_blob.exe.embed.manifest.res
         ..\tmp\blob\Debug\blob.obj
         ..\tmp\blob\Debug\app.obj
         ..\tmp\blob\Debug\timing.obj
         ..\tmp\blob\Debug\main1.obj
       Manifest:
         C:\Program Files (x86)\Microsoft SDKs\Windows\v7.0A\bin\mt.exe /nologo /verbose /out:"..\tmp\blob\Debug\demo_blob.exe.embed.manifest" /manifest ..\tmp\blob\Debug\demo_blob.exe.intermediate.manifest
         All outputs are up-to-date.
       LinkEmbedManifest:
         All outputs are up-to-date.
         demo_blob_vc8.vcxproj -> D:\Libraries\cyclone-physics-master\build\..\bin\demo_blob.exe
       FinalizeBuildStatus:
         Deleting file "..\tmp\blob\Debug\demo_blob.unsuccessfulbuild".
         Touching "..\tmp\blob\Debug\demo_blob.lastbuildstate".
     1>Done Building Project "D:\Libraries\cyclone-physics-master\build\demo_blob_vc8.vcxproj" (build target(s)).

Build succeeded.

Time Elapsed 00:00:03.89
