Build started 3/23/2013 11:56:54 AM.
     1>Project "C:\Users\Silvan Django\Dropbox\advanced_physics_dice (1)\ragdoll\ragdoll.vcxproj" on node 2 (build target(s)).
     1>InitializeBuildStatus:
         Touching "Debug\ragdoll.unsuccessfulbuild".
       ClCompile:
         C:\Program Files (x86)\Microsoft Visual Studio 10.0\VC\bin\CL.exe /c /I"E:\School\Advanced Physics\Advanced_physics_ragdoll\ragdoll\include" /ZI /nologo /W3 /WX- /Od /Oy- /D WIN32 /D _DEBUG /D _CONSOLE /D _UNICODE /D UNICODE /Gm /EHsc /RTC1 /MTd /GS /fp:precise /Zc:wchar_t /Zc:forScope /Yc"StdAfx.h" /Fp"Debug\ragdoll.pch" /Fo"Debug\\" /Fd"Debug\vc100.pdb" /Gd /TP /analyze- /errorReport:prompt stdafx.cpp
         stdafx.cpp
         C:\Program Files (x86)\Microsoft Visual Studio 10.0\VC\bin\CL.exe /c /I"E:\School\Advanced Physics\Advanced_physics_ragdoll\ragdoll\include" /ZI /nologo /W3 /WX- /Od /Oy- /D WIN32 /D _DEBUG /D _CONSOLE /D _UNICODE /D UNICODE /Gm /EHsc /RTC1 /MTd /GS /fp:precise /Zc:wchar_t /Zc:forScope /Fo"Debug\\" /Fd"Debug\vc100.pdb" /Gd /TP /analyze- /errorReport:prompt app.cpp dice.cpp dice_app.cpp main.cpp TableTop.cpp timing.cpp
         timing.cpp
         TableTop.cpp
     1>c:\users\silvan django\dropbox\advanced_physics_dice (1)\ragdoll\include\cyclone\cyclone.h(22): fatal error C1083: Cannot open include file: 'joints.h': No such file or directory
         main.cpp
     1>c:\users\silvan django\dropbox\advanced_physics_dice (1)\ragdoll\include\cyclone\cyclone.h(22): fatal error C1083: Cannot open include file: 'joints.h': No such file or directory
         dice_app.cpp
     1>c:\users\silvan django\dropbox\advanced_physics_dice (1)\ragdoll\include\cyclone\cyclone.h(22): fatal error C1083: Cannot open include file: 'joints.h': No such file or directory
         dice.cpp
     1>c:\users\silvan django\dropbox\advanced_physics_dice (1)\ragdoll\include\cyclone\cyclone.h(22): fatal error C1083: Cannot open include file: 'joints.h': No such file or directory
         app.cpp
     1>c1xx : fatal error C1083: Cannot open source file: 'app.cpp': No such file or directory
         Generating Code...
     1>Done Building Project "C:\Users\Silvan Django\Dropbox\advanced_physics_dice (1)\ragdoll\ragdoll.vcxproj" (build target(s)) -- FAILED.

Build FAILED.

Time Elapsed 00:00:08.18
