Build started 2/26/2013 3:23:44 PM.
     1>Project "D:\Libraries\cyclone-physics-master\build\demo_bridge_vc8.vcxproj" on node 2 (build target(s)).
     1>InitializeBuildStatus:
         Creating "..\tmp\bridge\Debug\demo_bridge.unsuccessfulbuild" because "AlwaysCreate" was specified.
       ClCompile:
         C:\Program Files (x86)\Microsoft Visual Studio 10.0\VC\bin\CL.exe /c /I..\include /Zi /nologo /W3 /WX- /Od /Oy- /D WIN32 /D _DEBUG /D _CONSOLE /D _VC80_UPGRADE=0x0710 /D _MBCS /Gm /EHsc /RTC1 /MTd /GS /fp:precise /Zc:wchar_t /Zc:forScope /Fo"..\tmp\bridge\Debug\\" /Fd"..\tmp\bridge\Debug\vc100.pdb" /Gd /TP /analyze- /errorReport:prompt ..\src\demos\bridge\bridge.cpp
         bridge.cpp
     1>..\src\demos\bridge\bridge.cpp(244): warning C4305: 'argument' : truncation from 'double' to 'GLfloat'
         All outputs are up-to-date.
       ManifestResourceCompile:
         All outputs are up-to-date.
       Link:
         C:\Program Files (x86)\Microsoft Visual Studio 10.0\VC\bin\link.exe /ERRORREPORT:PROMPT /OUT:"..\bin\bridge_d.exe" /INCREMENTAL /NOLOGO /LIBPATH:../lib cyclone_d.lib opengl32.lib glu32.lib glut32.lib winmm.lib kernel32.lib user32.lib gdi32.lib winspool.lib comdlg32.lib advapi32.lib shell32.lib ole32.lib oleaut32.lib uuid.lib odbc32.lib odbccp32.lib /MANIFEST /ManifestFile:"..\tmp\bridge\Debug\bridge_d.exe.intermediate.manifest" /MANIFESTUAC:"level='asInvoker' uiAccess='false'" /DEBUG /PDB:"..\tmp\bridge\Debug/bridge.pdb" /SUBSYSTEM:CONSOLE /TLBID:1 /DYNAMICBASE /NXCOMPAT /IMPLIB:"..\bin\bridge_d.lib" /MACHINE:X86 ..\tmp\bridge\Debug\bridge_d.exe.embed.manifest.res
         ..\tmp\bridge\Debug\bridge.obj
         ..\tmp\bridge\Debug\app.obj
         ..\tmp\bridge\Debug\timing.obj
         ..\tmp\bridge\Debug\main1.obj
       Manifest:
         C:\Program Files (x86)\Microsoft SDKs\Windows\v7.0A\bin\mt.exe /nologo /verbose /out:"..\tmp\bridge\Debug\bridge_d.exe.embed.manifest" /manifest ..\tmp\bridge\Debug\bridge_d.exe.intermediate.manifest
         All outputs are up-to-date.
       LinkEmbedManifest:
         All outputs are up-to-date.
         demo_bridge_vc8.vcxproj -> D:\Libraries\cyclone-physics-master\build\..\bin\bridge_d.exe
       FinalizeBuildStatus:
         Deleting file "..\tmp\bridge\Debug\demo_bridge.unsuccessfulbuild".
         Touching "..\tmp\bridge\Debug\demo_bridge.lastbuildstate".
     1>Done Building Project "D:\Libraries\cyclone-physics-master\build\demo_bridge_vc8.vcxproj" (build target(s)).

Build succeeded.

Time Elapsed 00:00:01.37
